20:22:17 **** Incremental Build of configuration Debug for project lcd_i2c ****
make -j16 all 
arm-none-eabi-gcc -o "lcd_i2c.elf" @"objects.list"   -mcpu=cortex-m3 -T"C:\Users\nsorr\STM32CubeIDE\workspace_1.19.0\lcd_i2c\STM32F103C8TX_FLASH.ld" --specs=nosys.specs -Wl,-Map="lcd_i2c.map" -Wl,--gc-sections -static --specs=nano.specs -mfloat-abi=soft -mthumb -Wl,--start-group -lc -lm -Wl,--end-group
C:/ST/STM32CubeIDE_1.19.0/STM32CubeIDE/plugins/com.st.stm32cube.ide.mcu.externaltools.gnu-tools-for-stm32.13.3.rel1.win32_1.0.0.202411081344/tools/bin/../lib/gcc/arm-none-eabi/13.3.1/../../../../arm-none-eabi/bin/ld.exe: ./Core/Src/main.o:C:/Users/nsorr/STM32CubeIDE/workspace_1.19.0/lcd_i2c/Debug/../Core/Src/main.c:45: multiple definition of `hi2c1'; ./Core/Src/i2c.o:C:/Users/nsorr/STM32CubeIDE/workspace_1.19.0/lcd_i2c/Debug/../Core/Src/i2c.c:27: first defined here
collect2.exe: error: ld returned 1 exit status
make: *** [makefile:67: lcd_i2c.elf] Error 1
"make -j16 all" terminated with exit code 2. Build might be incomplete.

20:22:18 Build Failed. 2 errors, 0 warnings. (took 495ms)

